Executing on gpu017
Total no. of images 254032
Training Dataset Size 177822
Validation Dataset Size 38105
Test Dataset Size 38105
Epoch 1/100
 - 11644s - loss: 0.2079 - acc: 0.9097 - recall: 0.6173 - precision: 0.7560 - f1: 0.6771 - val_loss: 0.2020 - val_acc: 0.9109 - val_recall: 0.6535 - val_precision: 0.7449 - val_f1: 0.6957

Epoch 00001: val_f1 improved from -inf to 0.69566, saving model to ../models/ben_data_lf_s1_s2.h5
Epoch 2/100
 - 14745s - loss: 0.1755 - acc: 0.9236 - recall: 0.6941 - precision: 0.7893 - f1: 0.7380 - val_loss: 0.2491 - val_acc: 0.8904 - val_recall: 0.5822 - val_precision: 0.6716 - val_f1: 0.6232

Epoch 00002: val_f1 did not improve from 0.69566
Epoch 3/100
 - 14601s - loss: 0.1662 - acc: 0.9277 - recall: 0.7128 - precision: 0.8012 - f1: 0.7538 - val_loss: 0.1844 - val_acc: 0.9204 - val_recall: 0.6995 - val_precision: 0.7704 - val_f1: 0.7328

Epoch 00003: val_f1 improved from 0.69566 to 0.73280, saving model to ../models/ben_data_lf_s1_s2.h5
Epoch 4/100
 - 10953s - loss: 0.1593 - acc: 0.9308 - recall: 0.7275 - precision: 0.8093 - f1: 0.7657 - val_loss: 0.1820 - val_acc: 0.9210 - val_recall: 0.6854 - val_precision: 0.7810 - val_f1: 0.7295

Epoch 00004: val_f1 did not improve from 0.73280
Epoch 5/100
 - 13815s - loss: 0.1543 - acc: 0.9331 - recall: 0.7362 - precision: 0.8160 - f1: 0.7736 - val_loss: 0.1737 - val_acc: 0.9257 - val_recall: 0.6833 - val_precision: 0.8097 - val_f1: 0.7407

Epoch 00005: val_f1 improved from 0.73280 to 0.74072, saving model to ../models/ben_data_lf_s1_s2.h5
Epoch 6/100
 - 15639s - loss: 0.1502 - acc: 0.9349 - recall: 0.7455 - precision: 0.8204 - f1: 0.7807 - val_loss: 0.1956 - val_acc: 0.9133 - val_recall: 0.6470 - val_precision: 0.7632 - val_f1: 0.6999

Epoch 00006: val_f1 did not improve from 0.74072
Epoch 7/100
 - 16523s - loss: 0.1464 - acc: 0.9364 - recall: 0.7521 - precision: 0.8237 - f1: 0.7859 - val_loss: 0.1825 - val_acc: 0.9212 - val_recall: 0.6676 - val_precision: 0.7944 - val_f1: 0.7250

Epoch 00007: val_f1 did not improve from 0.74072
Epoch 8/100
 - 16763s - loss: 0.1435 - acc: 0.9378 - recall: 0.7594 - precision: 0.8275 - f1: 0.7916 - val_loss: 0.1616 - val_acc: 0.9301 - val_recall: 0.7268 - val_precision: 0.8059 - val_f1: 0.7639

Epoch 00008: val_f1 improved from 0.74072 to 0.76387, saving model to ../models/ben_data_lf_s1_s2.h5
Epoch 9/100
 - 10997s - loss: 0.1409 - acc: 0.9390 - recall: 0.7644 - precision: 0.8307 - f1: 0.7958 - val_loss: 0.1671 - val_acc: 0.9281 - val_recall: 0.6955 - val_precision: 0.8165 - val_f1: 0.7506

Epoch 00009: val_f1 did not improve from 0.76387
Epoch 10/100
 - 12242s - loss: 0.1383 - acc: 0.9401 - recall: 0.7699 - precision: 0.8332 - f1: 0.7999 - val_loss: 0.1772 - val_acc: 0.9233 - val_recall: 0.6888 - val_precision: 0.7925 - val_f1: 0.7365

Epoch 00010: val_f1 did not improve from 0.76387
Epoch 11/100
 - 15059s - loss: 0.1360 - acc: 0.9411 - recall: 0.7737 - precision: 0.8364 - f1: 0.8034 - val_loss: 0.2103 - val_acc: 0.9099 - val_recall: 0.6163 - val_precision: 0.7604 - val_f1: 0.6804

Epoch 00011: val_f1 did not improve from 0.76387
Epoch 12/100
 - 15382s - loss: 0.1330 - acc: 0.9426 - recall: 0.7802 - precision: 0.8397 - f1: 0.8085 - val_loss: 0.1641 - val_acc: 0.9300 - val_recall: 0.7271 - val_precision: 0.8066 - val_f1: 0.7644

Epoch 00012: val_f1 improved from 0.76387 to 0.76442, saving model to ../models/ben_data_lf_s1_s2.h5
Epoch 13/100
 - 15960s - loss: 0.1314 - acc: 0.9434 - recall: 0.7841 - precision: 0.8420 - f1: 0.8116 - val_loss: 0.1805 - val_acc: 0.9241 - val_recall: 0.7014 - val_precision: 0.7878 - val_f1: 0.7416

Epoch 00013: val_f1 did not improve from 0.76442
Epoch 14/100
 - 16337s - loss: 0.1290 - acc: 0.9444 - recall: 0.7894 - precision: 0.8443 - f1: 0.8156 - val_loss: 0.1661 - val_acc: 0.9298 - val_recall: 0.7204 - val_precision: 0.8087 - val_f1: 0.7616

Epoch 00014: val_f1 did not improve from 0.76442
Epoch 15/100
 - 12150s - loss: 0.1267 - acc: 0.9454 - recall: 0.7930 - precision: 0.8465 - f1: 0.8185 - val_loss: 0.1718 - val_acc: 0.9269 - val_recall: 0.7230 - val_precision: 0.7912 - val_f1: 0.7552

Epoch 00015: val_f1 did not improve from 0.76442
Epoch 16/100
 - 11154s - loss: 0.1246 - acc: 0.9465 - recall: 0.7974 - precision: 0.8499 - f1: 0.8224 - val_loss: 0.1734 - val_acc: 0.9283 - val_recall: 0.7190 - val_precision: 0.8021 - val_f1: 0.7579

Epoch 00016: val_f1 did not improve from 0.76442
Epoch 17/100
 - 12868s - loss: 0.1171 - acc: 0.9497 - recall: 0.8098 - precision: 0.8591 - f1: 0.8334 - val_loss: 0.1542 - val_acc: 0.9354 - val_recall: 0.7533 - val_precision: 0.8182 - val_f1: 0.7840

Epoch 00017: val_f1 improved from 0.76442 to 0.78404, saving model to ../models/ben_data_lf_s1_s2.h5
Epoch 18/100
 - 12103s - loss: 0.1147 - acc: 0.9509 - recall: 0.8150 - precision: 0.8622 - f1: 0.8376 - val_loss: 0.1553 - val_acc: 0.9351 - val_recall: 0.7525 - val_precision: 0.8182 - val_f1: 0.7836

Epoch 00018: val_f1 did not improve from 0.78404
Epoch 19/100
 - 8766s - loss: 0.1131 - acc: 0.9516 - recall: 0.8185 - precision: 0.8637 - f1: 0.8402 - val_loss: 0.1574 - val_acc: 0.9346 - val_recall: 0.7512 - val_precision: 0.8160 - val_f1: 0.7819

Epoch 00019: val_f1 did not improve from 0.78404
Epoch 20/100
 - 11106s - loss: 0.1122 - acc: 0.9520 - recall: 0.8199 - precision: 0.8654 - f1: 0.8417 - val_loss: 0.1569 - val_acc: 0.9346 - val_recall: 0.7563 - val_precision: 0.8144 - val_f1: 0.7839

Epoch 00020: val_f1 did not improve from 0.78404
Epoch 21/100
 - 19373s - loss: 0.1111 - acc: 0.9523 - recall: 0.8207 - precision: 0.8661 - f1: 0.8425 - val_loss: 0.1579 - val_acc: 0.9345 - val_recall: 0.7548 - val_precision: 0.8140 - val_f1: 0.7829

Epoch 00021: val_f1 did not improve from 0.78404
Epoch 22/100
 - 13283s - loss: 0.1106 - acc: 0.9526 - recall: 0.8222 - precision: 0.8666 - f1: 0.8435 - val_loss: 0.1567 - val_acc: 0.9351 - val_recall: 0.7529 - val_precision: 0.8170 - val_f1: 0.7833

Epoch 00022: val_f1 did not improve from 0.78404
Epoch 23/100
 - 9314s - loss: 0.1097 - acc: 0.9531 - recall: 0.8236 - precision: 0.8684 - f1: 0.8451 - val_loss: 0.1569 - val_acc: 0.9349 - val_recall: 0.7521 - val_precision: 0.8168 - val_f1: 0.7827

Epoch 00023: val_f1 did not improve from 0.78404
Epoch 24/100
 - 7939s - loss: 0.1097 - acc: 0.9530 - recall: 0.8235 - precision: 0.8683 - f1: 0.8450 - val_loss: 0.1571 - val_acc: 0.9347 - val_recall: 0.7538 - val_precision: 0.8148 - val_f1: 0.7827

Epoch 00024: val_f1 did not improve from 0.78404
Epoch 25/100
 - 7387s - loss: 0.1097 - acc: 0.9530 - recall: 0.8234 - precision: 0.8683 - f1: 0.8449 - val_loss: 0.1576 - val_acc: 0.9349 - val_recall: 0.7561 - val_precision: 0.8138 - val_f1: 0.7836

Epoch 00025: val_f1 did not improve from 0.78404
Epoch 26/100
 - 7119s - loss: 0.1098 - acc: 0.9529 - recall: 0.8232 - precision: 0.8673 - f1: 0.8443 - val_loss: 0.1564 - val_acc: 0.9351 - val_recall: 0.7548 - val_precision: 0.8144 - val_f1: 0.7831

Epoch 00026: val_f1 did not improve from 0.78404
Epoch 27/100
 - 7294s - loss: 0.1094 - acc: 0.9532 - recall: 0.8241 - precision: 0.8687 - f1: 0.8455 - val_loss: 0.1563 - val_acc: 0.9351 - val_recall: 0.7551 - val_precision: 0.8167 - val_f1: 0.7843

Epoch 00027: val_f1 improved from 0.78404 to 0.78430, saving model to ../models/ben_data_lf_s1_s2.h5
Epoch 28/100
 - 7853s - loss: 0.1096 - acc: 0.9531 - recall: 0.8230 - precision: 0.8689 - f1: 0.8450 - val_loss: 0.1556 - val_acc: 0.9355 - val_recall: 0.7565 - val_precision: 0.8149 - val_f1: 0.7843

Epoch 00028: val_f1 did not improve from 0.78430
Epoch 29/100
 - 8438s - loss: 0.1096 - acc: 0.9530 - recall: 0.8239 - precision: 0.8679 - f1: 0.8450 - val_loss: 0.1571 - val_acc: 0.9351 - val_recall: 0.7548 - val_precision: 0.8181 - val_f1: 0.7848

Epoch 00029: val_f1 improved from 0.78430 to 0.78477, saving model to ../models/ben_data_lf_s1_s2.h5
Epoch 30/100
 - 10296s - loss: 0.1097 - acc: 0.9530 - recall: 0.8236 - precision: 0.8677 - f1: 0.8447 - val_loss: 0.1560 - val_acc: 0.9355 - val_recall: 0.7569 - val_precision: 0.8168 - val_f1: 0.7854

Epoch 00030: val_f1 improved from 0.78477 to 0.78535, saving model to ../models/ben_data_lf_s1_s2.h5
Epoch 31/100
 - 8643s - loss: 0.1097 - acc: 0.9530 - recall: 0.8233 - precision: 0.8686 - f1: 0.8450 - val_loss: 0.1567 - val_acc: 0.9350 - val_recall: 0.7544 - val_precision: 0.8150 - val_f1: 0.7832

Epoch 00031: val_f1 did not improve from 0.78535
Epoch 32/100
 - 7046s - loss: 0.1095 - acc: 0.9531 - recall: 0.8238 - precision: 0.8682 - f1: 0.8451 - val_loss: 0.1571 - val_acc: 0.9351 - val_recall: 0.7549 - val_precision: 0.8167 - val_f1: 0.7842

Epoch 00032: val_f1 did not improve from 0.78535
Epoch 33/100
 - 11219s - loss: 0.1096 - acc: 0.9531 - recall: 0.8235 - precision: 0.8688 - f1: 0.8452 - val_loss: 0.1564 - val_acc: 0.9354 - val_recall: 0.7561 - val_precision: 0.8163 - val_f1: 0.7847

Epoch 00033: val_f1 did not improve from 0.78535
Epoch 34/100
 - 13754s - loss: 0.1094 - acc: 0.9530 - recall: 0.8235 - precision: 0.8681 - f1: 0.8449 - val_loss: 0.1565 - val_acc: 0.9353 - val_recall: 0.7570 - val_precision: 0.8158 - val_f1: 0.7849

Epoch 00034: val_f1 did not improve from 0.78535
Epoch 35/100
 - 14853s - loss: 0.1093 - acc: 0.9533 - recall: 0.8238 - precision: 0.8696 - f1: 0.8457 - val_loss: 0.1578 - val_acc: 0.9346 - val_recall: 0.7544 - val_precision: 0.8138 - val_f1: 0.7825

Epoch 00035: val_f1 did not improve from 0.78535
Epoch 36/100
 - 16693s - loss: 0.1093 - acc: 0.9531 - recall: 0.8238 - precision: 0.8680 - f1: 0.8450 - val_loss: 0.1556 - val_acc: 0.9354 - val_recall: 0.7554 - val_precision: 0.8156 - val_f1: 0.7840

Epoch 00036: val_f1 did not improve from 0.78535
Epoch 37/100
 - 15969s - loss: 0.1093 - acc: 0.9533 - recall: 0.8245 - precision: 0.8682 - f1: 0.8455 - val_loss: 0.1574 - val_acc: 0.9350 - val_recall: 0.7538 - val_precision: 0.8171 - val_f1: 0.7838

Epoch 00037: val_f1 did not improve from 0.78535
Epoch 38/100
 - 15549s - loss: 0.1095 - acc: 0.9530 - recall: 0.8247 - precision: 0.8673 - f1: 0.8452 - val_loss: 0.1572 - val_acc: 0.9348 - val_recall: 0.7532 - val_precision: 0.8154 - val_f1: 0.7827

Epoch 00038: val_f1 did not improve from 0.78535
Epoch 39/100
 - 16034s - loss: 0.1094 - acc: 0.9531 - recall: 0.8237 - precision: 0.8683 - f1: 0.8451 - val_loss: 0.1573 - val_acc: 0.9349 - val_recall: 0.7542 - val_precision: 0.8154 - val_f1: 0.7832

Epoch 00039: val_f1 did not improve from 0.78535
Epoch 40/100
 - 15639s - loss: 0.1094 - acc: 0.9532 - recall: 0.8241 - precision: 0.8684 - f1: 0.8454 - val_loss: 0.1575 - val_acc: 0.9350 - val_recall: 0.7551 - val_precision: 0.8157 - val_f1: 0.7839

Epoch 00040: val_f1 did not improve from 0.78535
Epoch 41/100
 - 15837s - loss: 0.1095 - acc: 0.9532 - recall: 0.8241 - precision: 0.8677 - f1: 0.8450 - val_loss: 0.1556 - val_acc: 0.9355 - val_recall: 0.7574 - val_precision: 0.8144 - val_f1: 0.7845

Epoch 00041: val_f1 did not improve from 0.78535
Epoch 42/100
 - 8821s - loss: 0.1097 - acc: 0.9531 - recall: 0.8240 - precision: 0.8685 - f1: 0.8454 - val_loss: 0.1555 - val_acc: 0.9355 - val_recall: 0.7542 - val_precision: 0.8194 - val_f1: 0.7851

Epoch 00042: val_f1 did not improve from 0.78535
Epoch 43/100
 - 12294s - loss: 0.1094 - acc: 0.9532 - recall: 0.8242 - precision: 0.8684 - f1: 0.8454 - val_loss: 0.1562 - val_acc: 0.9352 - val_recall: 0.7550 - val_precision: 0.8162 - val_f1: 0.7840

Epoch 00043: val_f1 did not improve from 0.78535
Epoch 44/100
 - 14211s - loss: 0.1096 - acc: 0.9530 - recall: 0.8239 - precision: 0.8676 - f1: 0.8449 - val_loss: 0.1576 - val_acc: 0.9349 - val_recall: 0.7532 - val_precision: 0.8150 - val_f1: 0.7825

Epoch 00044: val_f1 did not improve from 0.78535
Epoch 45/100
 - 15696s - loss: 0.1100 - acc: 0.9529 - recall: 0.8227 - precision: 0.8680 - f1: 0.8444 - val_loss: 0.1554 - val_acc: 0.9354 - val_recall: 0.7562 - val_precision: 0.8161 - val_f1: 0.7846

Epoch 00045: val_f1 did not improve from 0.78535
0.15417755191065685
0.9362754305871595
0.7591904315627923
0.8174787821889925
0.7869549374620454
