Executing on gpu018
Total no. of images 254032
Training Dataset Size 177822
Validation Dataset Size 38105
Test Dataset Size 38105
Epoch 1/100
 - 14963s - loss: 0.2255 - acc: 0.9024 - recall: 0.5765 - precision: 0.7394 - f1: 0.6460 - val_loss: 0.2154 - val_acc: 0.9061 - val_recall: 0.6343 - val_precision: 0.7250 - val_f1: 0.6761

Epoch 00001: val_f1 improved from -inf to 0.67608, saving model to ../models/ben_data_vgg_s2.h5
Epoch 2/100
 - 6360s - loss: 0.1875 - acc: 0.9186 - recall: 0.6655 - precision: 0.7792 - f1: 0.7173 - val_loss: 0.1944 - val_acc: 0.9146 - val_recall: 0.6816 - val_precision: 0.7475 - val_f1: 0.7125

Epoch 00002: val_f1 improved from 0.67608 to 0.71250, saving model to ../models/ben_data_vgg_s2.h5
Epoch 3/100
 - 6787s - loss: 0.1756 - acc: 0.9238 - recall: 0.6925 - precision: 0.7916 - f1: 0.7382 - val_loss: 0.1769 - val_acc: 0.9240 - val_recall: 0.6856 - val_precision: 0.7988 - val_f1: 0.7374

Epoch 00003: val_f1 improved from 0.71250 to 0.73742, saving model to ../models/ben_data_vgg_s2.h5
Epoch 4/100
 - 5903s - loss: 0.1684 - acc: 0.9269 - recall: 0.7085 - precision: 0.7990 - f1: 0.7505 - val_loss: 0.1663 - val_acc: 0.9280 - val_recall: 0.7277 - val_precision: 0.7926 - val_f1: 0.7583

Epoch 00004: val_f1 improved from 0.73742 to 0.75830, saving model to ../models/ben_data_vgg_s2.h5
Epoch 5/100
 - 6162s - loss: 0.1638 - acc: 0.9289 - recall: 0.7173 - precision: 0.8048 - f1: 0.7581 - val_loss: 0.1792 - val_acc: 0.9213 - val_recall: 0.6430 - val_precision: 0.8130 - val_f1: 0.7176

Epoch 00005: val_f1 did not improve from 0.75830
Epoch 6/100
 - 6283s - loss: 0.1598 - acc: 0.9307 - recall: 0.7265 - precision: 0.8090 - f1: 0.7651 - val_loss: 0.2931 - val_acc: 0.9145 - val_recall: 0.6476 - val_precision: 0.7664 - val_f1: 0.7016

Epoch 00006: val_f1 did not improve from 0.75830
Epoch 7/100
 - 5875s - loss: 0.1561 - acc: 0.9322 - recall: 0.7330 - precision: 0.8134 - f1: 0.7706 - val_loss: 0.1628 - val_acc: 0.9297 - val_recall: 0.7004 - val_precision: 0.8241 - val_f1: 0.7568

Epoch 00007: val_f1 did not improve from 0.75830
Epoch 8/100
 - 5845s - loss: 0.1534 - acc: 0.9334 - recall: 0.7392 - precision: 0.8158 - f1: 0.7751 - val_loss: 0.1860 - val_acc: 0.9246 - val_recall: 0.7007 - val_precision: 0.7917 - val_f1: 0.7431

Epoch 00008: val_f1 did not improve from 0.75830
Epoch 9/100
 - 5877s - loss: 0.1467 - acc: 0.9364 - recall: 0.7499 - precision: 0.8258 - f1: 0.7856 - val_loss: 0.1663 - val_acc: 0.9295 - val_recall: 0.7269 - val_precision: 0.8016 - val_f1: 0.7620

Epoch 00009: val_f1 improved from 0.75830 to 0.76199, saving model to ../models/ben_data_vgg_s2.h5
Epoch 10/100
 - 5849s - loss: 0.1443 - acc: 0.9375 - recall: 0.7550 - precision: 0.8280 - f1: 0.7894 - val_loss: 0.1465 - val_acc: 0.9364 - val_recall: 0.7537 - val_precision: 0.8225 - val_f1: 0.7862

Epoch 00010: val_f1 improved from 0.76199 to 0.78621, saving model to ../models/ben_data_vgg_s2.h5
Epoch 11/100
 - 5783s - loss: 0.1436 - acc: 0.9376 - recall: 0.7567 - precision: 0.8280 - f1: 0.7904 - val_loss: 0.1421 - val_acc: 0.9383 - val_recall: 0.7654 - val_precision: 0.8252 - val_f1: 0.7938

Epoch 00011: val_f1 improved from 0.78621 to 0.79377, saving model to ../models/ben_data_vgg_s2.h5
Epoch 12/100
 - 6090s - loss: 0.1429 - acc: 0.9380 - recall: 0.7586 - precision: 0.8289 - f1: 0.7918 - val_loss: 0.1453 - val_acc: 0.9369 - val_recall: 0.7607 - val_precision: 0.8207 - val_f1: 0.7892

Epoch 00012: val_f1 did not improve from 0.79377
Epoch 13/100
 - 5925s - loss: 0.1421 - acc: 0.9382 - recall: 0.7598 - precision: 0.8297 - f1: 0.7928 - val_loss: 0.1707 - val_acc: 0.9298 - val_recall: 0.7332 - val_precision: 0.7981 - val_f1: 0.7639

Epoch 00013: val_f1 did not improve from 0.79377
Epoch 14/100
 - 8829s - loss: 0.1416 - acc: 0.9384 - recall: 0.7611 - precision: 0.8300 - f1: 0.7936 - val_loss: 0.1440 - val_acc: 0.9374 - val_recall: 0.7600 - val_precision: 0.8253 - val_f1: 0.7909

Epoch 00014: val_f1 did not improve from 0.79377
Epoch 15/100
 - 6300s - loss: 0.1402 - acc: 0.9391 - recall: 0.7637 - precision: 0.8318 - f1: 0.7959 - val_loss: 0.1715 - val_acc: 0.9306 - val_recall: 0.7349 - val_precision: 0.8007 - val_f1: 0.7660

Epoch 00015: val_f1 did not improve from 0.79377
Epoch 16/100
 - 5976s - loss: 0.1399 - acc: 0.9392 - recall: 0.7642 - precision: 0.8316 - f1: 0.7961 - val_loss: 0.1481 - val_acc: 0.9353 - val_recall: 0.7526 - val_precision: 0.8173 - val_f1: 0.7833

Epoch 00016: val_f1 did not improve from 0.79377
Epoch 17/100
 - 5988s - loss: 0.1395 - acc: 0.9394 - recall: 0.7646 - precision: 0.8326 - f1: 0.7968 - val_loss: 0.1546 - val_acc: 0.9327 - val_recall: 0.7454 - val_precision: 0.8071 - val_f1: 0.7747

Epoch 00017: val_f1 did not improve from 0.79377
Epoch 18/100
 - 6304s - loss: 0.1397 - acc: 0.9392 - recall: 0.7646 - precision: 0.8322 - f1: 0.7966 - val_loss: 0.1605 - val_acc: 0.9320 - val_recall: 0.7427 - val_precision: 0.8055 - val_f1: 0.7724

Epoch 00018: val_f1 did not improve from 0.79377
Epoch 19/100
 - 6808s - loss: 0.1396 - acc: 0.9394 - recall: 0.7653 - precision: 0.8329 - f1: 0.7973 - val_loss: 0.1589 - val_acc: 0.9320 - val_recall: 0.7406 - val_precision: 0.8067 - val_f1: 0.7719

Epoch 00019: val_f1 did not improve from 0.79377
Epoch 20/100
 - 6349s - loss: 0.1390 - acc: 0.9394 - recall: 0.7644 - precision: 0.8329 - f1: 0.7968 - val_loss: 0.1494 - val_acc: 0.9349 - val_recall: 0.7509 - val_precision: 0.8149 - val_f1: 0.7813

Epoch 00020: val_f1 did not improve from 0.79377
Epoch 21/100
 - 5668s - loss: 0.1393 - acc: 0.9395 - recall: 0.7651 - precision: 0.8334 - f1: 0.7974 - val_loss: 0.1547 - val_acc: 0.9328 - val_recall: 0.7434 - val_precision: 0.8083 - val_f1: 0.7741

Epoch 00021: val_f1 did not improve from 0.79377
Epoch 22/100
 - 6205s - loss: 0.1397 - acc: 0.9393 - recall: 0.7652 - precision: 0.8324 - f1: 0.7970 - val_loss: 0.1472 - val_acc: 0.9356 - val_recall: 0.7523 - val_precision: 0.8197 - val_f1: 0.7842

Epoch 00022: val_f1 did not improve from 0.79377
Epoch 23/100
 - 19322s - loss: 0.1394 - acc: 0.9394 - recall: 0.7652 - precision: 0.8332 - f1: 0.7973 - val_loss: 0.1454 - val_acc: 0.9368 - val_recall: 0.7584 - val_precision: 0.8214 - val_f1: 0.7883

Epoch 00023: val_f1 did not improve from 0.79377
Epoch 24/100
 - 18375s - loss: 0.1393 - acc: 0.9394 - recall: 0.7652 - precision: 0.8325 - f1: 0.7971 - val_loss: 0.1514 - val_acc: 0.9340 - val_recall: 0.7474 - val_precision: 0.8133 - val_f1: 0.7786

Epoch 00024: val_f1 did not improve from 0.79377
Epoch 25/100
 - 18878s - loss: 0.1389 - acc: 0.9396 - recall: 0.7658 - precision: 0.8330 - f1: 0.7976 - val_loss: 0.1513 - val_acc: 0.9337 - val_recall: 0.7484 - val_precision: 0.8093 - val_f1: 0.7773

Epoch 00025: val_f1 did not improve from 0.79377
Epoch 26/100
 - 18090s - loss: 0.1394 - acc: 0.9395 - recall: 0.7655 - precision: 0.8333 - f1: 0.7976 - val_loss: 0.1501 - val_acc: 0.9342 - val_recall: 0.7494 - val_precision: 0.8132 - val_f1: 0.7797

Epoch 00026: val_f1 did not improve from 0.79377
0.14997148891957868
0.9346058126257247
0.750584867822022
0.8145149962240908
0.7808903254380747
