Executing on gpu018
Total no. of images 254032
Training Dataset Size 177822
Validation Dataset Size 38105
Test Dataset Size 38105
Epoch 1/100
 - 14886s - loss: 0.2504 - acc: 0.8886 - recall: 0.4989 - precision: 0.6993 - f1: 0.5804 - val_loss: 0.2543 - val_acc: 0.8916 - val_recall: 0.5518 - val_precision: 0.6915 - val_f1: 0.6133

Epoch 00001: val_f1 improved from -inf to 0.61328, saving model to ../models/ben_data_vgg_s1.h5
Epoch 2/100
 - 5329s - loss: 0.2107 - acc: 0.9065 - recall: 0.6057 - precision: 0.7453 - f1: 0.6676 - val_loss: 0.2339 - val_acc: 0.8971 - val_recall: 0.6256 - val_precision: 0.6853 - val_f1: 0.6536

Epoch 00002: val_f1 improved from 0.61328 to 0.65360, saving model to ../models/ben_data_vgg_s1.h5
Epoch 3/100
 - 5597s - loss: 0.1976 - acc: 0.9125 - recall: 0.6387 - precision: 0.7609 - f1: 0.6938 - val_loss: 0.1907 - val_acc: 0.9152 - val_recall: 0.6557 - val_precision: 0.7633 - val_f1: 0.7049

Epoch 00003: val_f1 improved from 0.65360 to 0.70489, saving model to ../models/ben_data_vgg_s1.h5
Epoch 4/100
 - 5035s - loss: 0.1886 - acc: 0.9165 - recall: 0.6592 - precision: 0.7705 - f1: 0.7099 - val_loss: 0.1912 - val_acc: 0.9153 - val_recall: 0.6466 - val_precision: 0.7726 - val_f1: 0.7035

Epoch 00004: val_f1 did not improve from 0.70489
Epoch 5/100
 - 5017s - loss: 0.1833 - acc: 0.9191 - recall: 0.6727 - precision: 0.7782 - f1: 0.7211 - val_loss: 0.1817 - val_acc: 0.9196 - val_recall: 0.6675 - val_precision: 0.7845 - val_f1: 0.7207

Epoch 00005: val_f1 improved from 0.70489 to 0.72073, saving model to ../models/ben_data_vgg_s1.h5
Epoch 6/100
 - 4975s - loss: 0.1793 - acc: 0.9209 - recall: 0.6814 - precision: 0.7825 - f1: 0.7279 - val_loss: 0.1804 - val_acc: 0.9203 - val_recall: 0.6903 - val_precision: 0.7720 - val_f1: 0.7283

Epoch 00006: val_f1 improved from 0.72073 to 0.72833, saving model to ../models/ben_data_vgg_s1.h5
Epoch 7/100
 - 5002s - loss: 0.1757 - acc: 0.9225 - recall: 0.6899 - precision: 0.7866 - f1: 0.7345 - val_loss: 0.1804 - val_acc: 0.9206 - val_recall: 0.6700 - val_precision: 0.7891 - val_f1: 0.7242

Epoch 00007: val_f1 did not improve from 0.72833
Epoch 8/100
 - 4766s - loss: 0.1720 - acc: 0.9243 - recall: 0.6976 - precision: 0.7911 - f1: 0.7409 - val_loss: 0.1798 - val_acc: 0.9211 - val_recall: 0.6828 - val_precision: 0.7830 - val_f1: 0.7290

Epoch 00008: val_f1 improved from 0.72833 to 0.72900, saving model to ../models/ben_data_vgg_s1.h5
Epoch 9/100
 - 4694s - loss: 0.1704 - acc: 0.9249 - recall: 0.7004 - precision: 0.7929 - f1: 0.7433 - val_loss: 0.1772 - val_acc: 0.9227 - val_recall: 0.6924 - val_precision: 0.7858 - val_f1: 0.7356

Epoch 00009: val_f1 improved from 0.72900 to 0.73565, saving model to ../models/ben_data_vgg_s1.h5
Epoch 10/100
 - 4607s - loss: 0.1674 - acc: 0.9265 - recall: 0.7073 - precision: 0.7977 - f1: 0.7493 - val_loss: 0.1719 - val_acc: 0.9245 - val_recall: 0.6971 - val_precision: 0.7933 - val_f1: 0.7417

Epoch 00010: val_f1 improved from 0.73565 to 0.74167, saving model to ../models/ben_data_vgg_s1.h5
Epoch 11/100
 - 4602s - loss: 0.1656 - acc: 0.9271 - recall: 0.7116 - precision: 0.7984 - f1: 0.7520 - val_loss: 0.1725 - val_acc: 0.9247 - val_recall: 0.7074 - val_precision: 0.7882 - val_f1: 0.7452

Epoch 00011: val_f1 improved from 0.74167 to 0.74518, saving model to ../models/ben_data_vgg_s1.h5
Epoch 12/100
 - 4609s - loss: 0.1642 - acc: 0.9280 - recall: 0.7143 - precision: 0.8011 - f1: 0.7547 - val_loss: 0.1672 - val_acc: 0.9268 - val_recall: 0.7073 - val_precision: 0.7995 - val_f1: 0.7501

Epoch 00012: val_f1 improved from 0.74518 to 0.75015, saving model to ../models/ben_data_vgg_s1.h5
Epoch 13/100
 - 4733s - loss: 0.1625 - acc: 0.9285 - recall: 0.7172 - precision: 0.8022 - f1: 0.7568 - val_loss: 0.1687 - val_acc: 0.9258 - val_recall: 0.7007 - val_precision: 0.7990 - val_f1: 0.7462

Epoch 00013: val_f1 did not improve from 0.75015
Epoch 14/100
 - 4820s - loss: 0.1609 - acc: 0.9293 - recall: 0.7210 - precision: 0.8042 - f1: 0.7599 - val_loss: 0.1749 - val_acc: 0.9237 - val_recall: 0.7237 - val_precision: 0.7726 - val_f1: 0.7469

Epoch 00014: val_f1 did not improve from 0.75015
Epoch 15/100
 - 4761s - loss: 0.1596 - acc: 0.9300 - recall: 0.7235 - precision: 0.8062 - f1: 0.7622 - val_loss: 0.1726 - val_acc: 0.9246 - val_recall: 0.7133 - val_precision: 0.7831 - val_f1: 0.7461

Epoch 00015: val_f1 did not improve from 0.75015
Epoch 16/100
 - 5147s - loss: 0.1579 - acc: 0.9306 - recall: 0.7273 - precision: 0.8074 - f1: 0.7648 - val_loss: 0.1718 - val_acc: 0.9257 - val_recall: 0.7155 - val_precision: 0.7878 - val_f1: 0.7495

Epoch 00016: val_f1 did not improve from 0.75015
Epoch 17/100
 - 8223s - loss: 0.1530 - acc: 0.9328 - recall: 0.7364 - precision: 0.8142 - f1: 0.7729 - val_loss: 0.1624 - val_acc: 0.9291 - val_recall: 0.7372 - val_precision: 0.7937 - val_f1: 0.7640

Epoch 00017: val_f1 improved from 0.75015 to 0.76401, saving model to ../models/ben_data_vgg_s1.h5
Epoch 18/100
 - 4728s - loss: 0.1506 - acc: 0.9339 - recall: 0.7411 - precision: 0.8169 - f1: 0.7767 - val_loss: 0.1606 - val_acc: 0.9303 - val_recall: 0.7328 - val_precision: 0.8022 - val_f1: 0.7655

Epoch 00018: val_f1 improved from 0.76401 to 0.76551, saving model to ../models/ben_data_vgg_s1.h5
Epoch 19/100
 - 4636s - loss: 0.1504 - acc: 0.9338 - recall: 0.7407 - precision: 0.8171 - f1: 0.7766 - val_loss: 0.1599 - val_acc: 0.9306 - val_recall: 0.7395 - val_precision: 0.7992 - val_f1: 0.7678

Epoch 00019: val_f1 improved from 0.76551 to 0.76776, saving model to ../models/ben_data_vgg_s1.h5
Epoch 20/100
 - 4877s - loss: 0.1490 - acc: 0.9345 - recall: 0.7436 - precision: 0.8177 - f1: 0.7785 - val_loss: 0.1617 - val_acc: 0.9297 - val_recall: 0.7375 - val_precision: 0.7963 - val_f1: 0.7654

Epoch 00020: val_f1 did not improve from 0.76776
Epoch 21/100
 - 4842s - loss: 0.1489 - acc: 0.9348 - recall: 0.7453 - precision: 0.8190 - f1: 0.7800 - val_loss: 0.1611 - val_acc: 0.9303 - val_recall: 0.7357 - val_precision: 0.8021 - val_f1: 0.7671

Epoch 00021: val_f1 did not improve from 0.76776
Epoch 22/100
 - 6358s - loss: 0.1487 - acc: 0.9346 - recall: 0.7443 - precision: 0.8185 - f1: 0.7792 - val_loss: 0.1616 - val_acc: 0.9300 - val_recall: 0.7403 - val_precision: 0.7962 - val_f1: 0.7668

Epoch 00022: val_f1 did not improve from 0.76776
Epoch 23/100
 - 5214s - loss: 0.1475 - acc: 0.9351 - recall: 0.7481 - precision: 0.8190 - f1: 0.7815 - val_loss: 0.1599 - val_acc: 0.9306 - val_recall: 0.7361 - val_precision: 0.8020 - val_f1: 0.7672

Epoch 00023: val_f1 did not improve from 0.76776
Epoch 24/100
 - 4890s - loss: 0.1479 - acc: 0.9349 - recall: 0.7472 - precision: 0.8191 - f1: 0.7811 - val_loss: 0.1597 - val_acc: 0.9304 - val_recall: 0.7404 - val_precision: 0.7991 - val_f1: 0.7682

Epoch 00024: val_f1 improved from 0.76776 to 0.76818, saving model to ../models/ben_data_vgg_s1.h5
Epoch 25/100
 - 4880s - loss: 0.1465 - acc: 0.9356 - recall: 0.7495 - precision: 0.8209 - f1: 0.7831 - val_loss: 0.1606 - val_acc: 0.9306 - val_recall: 0.7393 - val_precision: 0.8003 - val_f1: 0.7682

Epoch 00025: val_f1 improved from 0.76818 to 0.76821, saving model to ../models/ben_data_vgg_s1.h5
Epoch 26/100
 - 4926s - loss: 0.1467 - acc: 0.9354 - recall: 0.7484 - precision: 0.8203 - f1: 0.7823 - val_loss: 0.1606 - val_acc: 0.9302 - val_recall: 0.7406 - val_precision: 0.7972 - val_f1: 0.7675

Epoch 00026: val_f1 did not improve from 0.76821
Epoch 27/100
 - 12475s - loss: 0.1472 - acc: 0.9352 - recall: 0.7476 - precision: 0.8204 - f1: 0.7819 - val_loss: 0.1590 - val_acc: 0.9311 - val_recall: 0.7439 - val_precision: 0.7998 - val_f1: 0.7705

Epoch 00027: val_f1 improved from 0.76821 to 0.77046, saving model to ../models/ben_data_vgg_s1.h5
Epoch 28/100
 - 18795s - loss: 0.1470 - acc: 0.9353 - recall: 0.7485 - precision: 0.8199 - f1: 0.7822 - val_loss: 0.1614 - val_acc: 0.9300 - val_recall: 0.7382 - val_precision: 0.7974 - val_f1: 0.7662

Epoch 00028: val_f1 did not improve from 0.77046
Epoch 29/100
 - 18836s - loss: 0.1473 - acc: 0.9353 - recall: 0.7486 - precision: 0.8206 - f1: 0.7825 - val_loss: 0.1599 - val_acc: 0.9308 - val_recall: 0.7414 - val_precision: 0.7986 - val_f1: 0.7686

Epoch 00029: val_f1 did not improve from 0.77046
Epoch 30/100
 - 18491s - loss: 0.1471 - acc: 0.9353 - recall: 0.7483 - precision: 0.8202 - f1: 0.7822 - val_loss: 0.1599 - val_acc: 0.9309 - val_recall: 0.7406 - val_precision: 0.8008 - val_f1: 0.7692

Epoch 00030: val_f1 did not improve from 0.77046
Epoch 31/100
 - 16185s - loss: 0.1466 - acc: 0.9355 - recall: 0.7496 - precision: 0.8210 - f1: 0.7833 - val_loss: 0.1603 - val_acc: 0.9306 - val_recall: 0.7414 - val_precision: 0.7975 - val_f1: 0.7680

Epoch 00031: val_f1 did not improve from 0.77046
Epoch 32/100
 - 11561s - loss: 0.1467 - acc: 0.9354 - recall: 0.7496 - precision: 0.8202 - f1: 0.7829 - val_loss: 0.1610 - val_acc: 0.9301 - val_recall: 0.7399 - val_precision: 0.7985 - val_f1: 0.7677

Epoch 00032: val_f1 did not improve from 0.77046
Epoch 33/100
 - 9167s - loss: 0.1465 - acc: 0.9357 - recall: 0.7497 - precision: 0.8212 - f1: 0.7834 - val_loss: 0.1595 - val_acc: 0.9311 - val_recall: 0.7421 - val_precision: 0.7995 - val_f1: 0.7694

Epoch 00033: val_f1 did not improve from 0.77046
Epoch 34/100
 - 12024s - loss: 0.1468 - acc: 0.9354 - recall: 0.7487 - precision: 0.8207 - f1: 0.7826 - val_loss: 0.1593 - val_acc: 0.9309 - val_recall: 0.7416 - val_precision: 0.8005 - val_f1: 0.7696

Epoch 00034: val_f1 did not improve from 0.77046
Epoch 35/100
 - 11260s - loss: 0.1464 - acc: 0.9357 - recall: 0.7500 - precision: 0.8205 - f1: 0.7833 - val_loss: 0.1588 - val_acc: 0.9310 - val_recall: 0.7405 - val_precision: 0.8006 - val_f1: 0.7690

Epoch 00035: val_f1 did not improve from 0.77046
Epoch 36/100
 - 12065s - loss: 0.1469 - acc: 0.9354 - recall: 0.7486 - precision: 0.8206 - f1: 0.7825 - val_loss: 0.1603 - val_acc: 0.9303 - val_recall: 0.7396 - val_precision: 0.7997 - val_f1: 0.7681

Epoch 00036: val_f1 did not improve from 0.77046
Epoch 37/100
 - 9389s - loss: 0.1469 - acc: 0.9353 - recall: 0.7491 - precision: 0.8202 - f1: 0.7826 - val_loss: 0.1613 - val_acc: 0.9301 - val_recall: 0.7394 - val_precision: 0.7979 - val_f1: 0.7672

Epoch 00037: val_f1 did not improve from 0.77046
Epoch 38/100
 - 5231s - loss: 0.1468 - acc: 0.9354 - recall: 0.7485 - precision: 0.8198 - f1: 0.7821 - val_loss: 0.1598 - val_acc: 0.9313 - val_recall: 0.7441 - val_precision: 0.7985 - val_f1: 0.7699

Epoch 00038: val_f1 did not improve from 0.77046
Epoch 39/100
 - 4738s - loss: 0.1467 - acc: 0.9355 - recall: 0.7488 - precision: 0.8212 - f1: 0.7829 - val_loss: 0.1605 - val_acc: 0.9303 - val_recall: 0.7403 - val_precision: 0.7992 - val_f1: 0.7682

Epoch 00039: val_f1 did not improve from 0.77046
Epoch 40/100
 - 4664s - loss: 0.1467 - acc: 0.9355 - recall: 0.7487 - precision: 0.8212 - f1: 0.7828 - val_loss: 0.1608 - val_acc: 0.9307 - val_recall: 0.7419 - val_precision: 0.7995 - val_f1: 0.7692

Epoch 00040: val_f1 did not improve from 0.77046
Epoch 41/100
 - 4670s - loss: 0.1465 - acc: 0.9356 - recall: 0.7492 - precision: 0.8215 - f1: 0.7833 - val_loss: 0.1597 - val_acc: 0.9305 - val_recall: 0.7413 - val_precision: 0.7977 - val_f1: 0.7680

Epoch 00041: val_f1 did not improve from 0.77046
Epoch 42/100
 - 4610s - loss: 0.1472 - acc: 0.9353 - recall: 0.7482 - precision: 0.8206 - f1: 0.7823 - val_loss: 0.1595 - val_acc: 0.9309 - val_recall: 0.7427 - val_precision: 0.8005 - val_f1: 0.7701

Epoch 00042: val_f1 did not improve from 0.77046
0.1594928659310862
0.9303502317236251
0.7427015099204889
0.7977549543901652
0.7688608427007659
