Using TensorFlow backend.
WARNING: Logging before flag parsing goes to stderr.
W0311 15:42:18.678736 47985771523712 deprecation_wrapper.py:119] From /home/mrkhalid/miniconda3/lib/python3.6/site-packages/keras/backend/tensorflow_backend.py:74: The name tf.get_default_graph is deprecated. Please use tf.compat.v1.get_default_graph instead.

W0311 15:42:18.700920 47985771523712 deprecation_wrapper.py:119] From /home/mrkhalid/miniconda3/lib/python3.6/site-packages/keras/backend/tensorflow_backend.py:517: The name tf.placeholder is deprecated. Please use tf.compat.v1.placeholder instead.

W0311 15:42:18.712299 47985771523712 deprecation_wrapper.py:119] From /home/mrkhalid/miniconda3/lib/python3.6/site-packages/keras/backend/tensorflow_backend.py:174: The name tf.get_default_session is deprecated. Please use tf.compat.v1.get_default_session instead.

W0311 15:42:18.712460 47985771523712 deprecation_wrapper.py:119] From /home/mrkhalid/miniconda3/lib/python3.6/site-packages/keras/backend/tensorflow_backend.py:181: The name tf.ConfigProto is deprecated. Please use tf.compat.v1.ConfigProto instead.

W0311 15:42:18.712581 47985771523712 deprecation_wrapper.py:119] From /home/mrkhalid/miniconda3/lib/python3.6/site-packages/keras/backend/tensorflow_backend.py:186: The name tf.Session is deprecated. Please use tf.compat.v1.Session instead.

2020-03-11 15:42:18.712769: I tensorflow/core/platform/cpu_feature_guard.cc:142] Your CPU supports instructions that this TensorFlow binary was not compiled to use: AVX2 AVX512F FMA
2020-03-11 15:42:18.719392: I tensorflow/stream_executor/platform/default/dso_loader.cc:42] Successfully opened dynamic library libcuda.so.1
2020-03-11 15:42:18.923238: I tensorflow/compiler/xla/service/service.cc:168] XLA service 0x55e6d619c6a0 executing computations on platform CUDA. Devices:
2020-03-11 15:42:18.923273: I tensorflow/compiler/xla/service/service.cc:175]   StreamExecutor device (0): Tesla V100-SXM2-32GB, Compute Capability 7.0
2020-03-11 15:42:18.925595: I tensorflow/core/platform/profile_utils/cpu_utils.cc:94] CPU Frequency: 2500000000 Hz
2020-03-11 15:42:18.925696: I tensorflow/compiler/xla/service/service.cc:168] XLA service 0x55e6d624e8f0 executing computations on platform Host. Devices:
2020-03-11 15:42:18.925704: I tensorflow/compiler/xla/service/service.cc:175]   StreamExecutor device (0): <undefined>, <undefined>
2020-03-11 15:42:18.928036: I tensorflow/core/common_runtime/gpu/gpu_device.cc:1640] Found device 0 with properties: 
name: Tesla V100-SXM2-32GB major: 7 minor: 0 memoryClockRate(GHz): 1.53
pciBusID: 0000:89:00.0
2020-03-11 15:42:18.928681: I tensorflow/stream_executor/platform/default/dso_loader.cc:42] Successfully opened dynamic library libcudart.so.10.0
2020-03-11 15:42:18.930243: I tensorflow/stream_executor/platform/default/dso_loader.cc:42] Successfully opened dynamic library libcublas.so.10.0
2020-03-11 15:42:18.931923: I tensorflow/stream_executor/platform/default/dso_loader.cc:42] Successfully opened dynamic library libcufft.so.10.0
2020-03-11 15:42:18.932538: I tensorflow/stream_executor/platform/default/dso_loader.cc:42] Successfully opened dynamic library libcurand.so.10.0
2020-03-11 15:42:18.934178: I tensorflow/stream_executor/platform/default/dso_loader.cc:42] Successfully opened dynamic library libcusolver.so.10.0
2020-03-11 15:42:18.935582: I tensorflow/stream_executor/platform/default/dso_loader.cc:42] Successfully opened dynamic library libcusparse.so.10.0
2020-03-11 15:42:18.940000: I tensorflow/stream_executor/platform/default/dso_loader.cc:42] Successfully opened dynamic library libcudnn.so.7
2020-03-11 15:42:18.945590: I tensorflow/core/common_runtime/gpu/gpu_device.cc:1763] Adding visible gpu devices: 0
2020-03-11 15:42:18.945643: I tensorflow/stream_executor/platform/default/dso_loader.cc:42] Successfully opened dynamic library libcudart.so.10.0
2020-03-11 15:42:18.948885: I tensorflow/core/common_runtime/gpu/gpu_device.cc:1181] Device interconnect StreamExecutor with strength 1 edge matrix:
2020-03-11 15:42:18.948901: I tensorflow/core/common_runtime/gpu/gpu_device.cc:1187]      0 
2020-03-11 15:42:18.948915: I tensorflow/core/common_runtime/gpu/gpu_device.cc:1200] 0:   N 
2020-03-11 15:42:18.953192: I tensorflow/core/common_runtime/gpu/gpu_device.cc:1326] Created TensorFlow device (/job:localhost/replica:0/task:0/device:GPU:0 with 30555 MB memory) -> physical GPU (device: 0, name: Tesla V100-SXM2-32GB, pci bus id: 0000:89:00.0, compute capability: 7.0)
W0311 15:42:24.243983 47985771523712 deprecation_wrapper.py:119] From /home/mrkhalid/miniconda3/lib/python3.6/site-packages/keras/backend/tensorflow_backend.py:1834: The name tf.nn.fused_batch_norm is deprecated. Please use tf.compat.v1.nn.fused_batch_norm instead.

W0311 15:42:24.302626 47985771523712 deprecation_wrapper.py:119] From /home/mrkhalid/miniconda3/lib/python3.6/site-packages/keras/backend/tensorflow_backend.py:3976: The name tf.nn.max_pool is deprecated. Please use tf.nn.max_pool2d instead.

W0311 15:42:24.566088 47985771523712 deprecation.py:506] From /home/mrkhalid/miniconda3/lib/python3.6/site-packages/keras/backend/tensorflow_backend.py:3445: calling dropout (from tensorflow.python.ops.nn_ops) with keep_prob is deprecated and will be removed in a future version.
Instructions for updating:
Please use `rate` instead of `keep_prob`. Rate should be set to `rate = 1 - keep_prob`.
W0311 15:42:24.883748 47985771523712 deprecation_wrapper.py:119] From /home/mrkhalid/miniconda3/lib/python3.6/site-packages/keras/optimizers.py:790: The name tf.train.Optimizer is deprecated. Please use tf.compat.v1.train.Optimizer instead.

W0311 15:42:24.889544 47985771523712 deprecation.py:323] From /home/mrkhalid/miniconda3/lib/python3.6/site-packages/tensorflow/python/ops/nn_impl.py:180: add_dispatch_support.<locals>.wrapper (from tensorflow.python.ops.array_ops) is deprecated and will be removed in a future version.
Instructions for updating:
Use tf.where in 2.0, which has the same broadcast rule as np.where
/home/mrkhalid/miniconda3/lib/python3.6/site-packages/keras/engine/training_generator.py:47: UserWarning: Using a generator with `use_multiprocessing=True` and multiple workers may duplicate your data. Please consider using the`keras.utils.Sequence class.
  UserWarning('Using a generator with `use_multiprocessing=True`'
2020-03-11 15:49:43.490480: I tensorflow/stream_executor/platform/default/dso_loader.cc:42] Successfully opened dynamic library libcublas.so.10.0
2020-03-11 15:49:44.089602: I tensorflow/stream_executor/platform/default/dso_loader.cc:42] Successfully opened dynamic library libcudnn.so.7
